* using log directory 'D:/Amanda/Pusto/git/lmeInfo/revdep/checks/scdhlm/new/scdhlm.Rcheck'
* using R version 4.1.0 (2021-05-18)
* using platform: x86_64-w64-mingw32 (64-bit)
* using session charset: ISO8859-1
* using options '--no-manual --no-build-vignettes'
* checking for file 'scdhlm/DESCRIPTION' ... OK
* this is package 'scdhlm' version '0.5.2'
* package encoding: UTF-8
* checking package namespace information ... OK
* checking package dependencies ... OK
* checking if this is a source package ... OK
* checking if there is a namespace ... OK
* checking for executable files ... OK
* checking for hidden files and directories ... OK
* checking for portable file names ... OK
* checking whether package 'scdhlm' can be installed ... WARNING
Found the following significant warnings:
  Warning: package 'nlme' was built under R version 4.1.3
See 'D:/Amanda/Pusto/git/lmeInfo/revdep/checks/scdhlm/new/scdhlm.Rcheck/00install.out' for details.
* checking installed package size ... OK
* checking package directory ... OK
* checking 'build' directory ... OK
* checking DESCRIPTION meta-information ... OK
* checking top-level files ... OK
* checking for left-over files ... OK
* checking index information ... OK
* checking package subdirectories ... OK
* checking R files for non-ASCII characters ... OK
* checking R files for syntax errors ... OK
* checking whether the package can be loaded ... OK
* checking whether the package can be loaded with stated dependencies ... OK
* checking whether the package can be unloaded cleanly ... OK
* checking whether the namespace can be loaded with stated dependencies ... OK
* checking whether the namespace can be unloaded cleanly ... OK
* checking loading without being on the library search path ... OK
* checking dependencies in R code ... OK
* checking S3 generic/method consistency ... OK
* checking replacement functions ... OK
* checking foreign function calls ... OK
* checking R code for possible problems ... OK
* checking Rd files ... OK
* checking Rd metadata ... OK
* checking Rd cross-references ... OK
* checking for missing documentation entries ... OK
* checking for code/documentation mismatches ... OK
* checking Rd \usage sections ... OK
* checking Rd contents ... OK
* checking for unstated dependencies in examples ... OK
* checking contents of 'data' directory ... OK
* checking data for non-ASCII characters ... OK
* checking LazyData ... OK
* checking data for ASCII and uncompressed saves ... OK
* checking installed files from 'inst/doc' ... OK
* checking files in 'vignettes' ... OK
* checking examples ... ERROR
Running examples in 'scdhlm-Ex.R' failed
The error most likely occurred in:

> ### Name: CI_g
> ### Title: Calculates a confidence interval for a standardized mean
> ###   difference effect size
> ### Aliases: CI_g
> 
> ### ** Examples
> 
> data(Laski)
> Laski_RML <- lme(fixed = outcome ~ treatment,
+                  random = ~ 1 | case,
+                  correlation = corAR1(0, ~ time | case),
+                  data = Laski)
> Laski_g_REML <- suppressWarnings(
+   g_REML(Laski_RML, p_const = c(0,1), 
+          r_const = c(1,0,1), returnModel = FALSE)
+ )
> CI_g(Laski_g_REML, symmetric = TRUE)
[1] 0.8046224 2.0051521
> CI_g(Laski_g_REML, symmetric = FALSE)
[1] 0.9143684 2.0046719
> 
> Laski_HPS <- with(Laski, effect_size_MB(outcome, treatment, case, time))
> CI_g(Laski_HPS, symmetric = FALSE)
[1] 0.8786207 2.0639828
> 
> Laski_g_mlm <- g_mlm(Laski_RML, p_const = c(0,1), r_const = c(1,0,1), returnModel = TRUE)
Error in g_mlm(Laski_RML, p_const = c(0, 1), r_const = c(1, 0, 1), returnModel = TRUE) : 
  unused argument (returnModel = TRUE)
Execution halted
* checking for unstated dependencies in 'tests' ... OK
* checking tests ... ERROR
  Running 'testthat.R'
Running the tests in 'tests/testthat.R' failed.
Last 13 lines of output:
  > 
  > test_check("scdhlm")
  [ FAIL 1 | WARN 0 | SKIP 8 | PASS 89 ]
  
  == Skipped tests ===============================================================
  * Auxiliary dataset not included in package. (1)
  * empty test (7)
  
  == Failed tests ================================================================
  -- Error (test-g_mlm.R:22:3): g_mlm() is imported appropriately. ---------------
  Error in `g_mlm(Laski_RML1, p_const = c(0, 1), r_const = c(1, 0, 1), returnModel = TRUE)`: unused argument (returnModel = TRUE)
  
  [ FAIL 1 | WARN 0 | SKIP 8 | PASS 89 ]
  Error: Test failures
  Execution halted
* checking for unstated dependencies in vignettes ... OK
* checking package vignettes in 'inst/doc' ... OK
* checking running R code from vignettes ... NONE
  'Estimating-effect-sizes.Rmd' using 'UTF-8'... OK
* checking re-building of vignette outputs ... SKIPPED
* DONE
Status: 2 ERRORs, 1 WARNING
