* installing *source* package 'scdhlm' ...
** package 'scdhlm' successfully unpacked and MD5 sums checked
** using staged installation
** R
** data
*** moving datasets to lazyload DB
** demo
** inst
** byte-compile and prepare package for lazy loading
Warning message:
package 'nlme' was built under R version 4.1.3 
** help
*** installing help indices
** building package indices
** installing vignettes
** testing if installed package can be loaded from temporary location
*** arch - i386
Warning: package 'nlme' was built under R version 4.1.3
*** arch - x64
Warning: package 'nlme' was built under R version 4.1.3
** testing if installed package can be loaded from final location
*** arch - i386
Warning: package 'nlme' was built under R version 4.1.3
*** arch - x64
Warning: package 'nlme' was built under R version 4.1.3
** testing if installed package keeps a record of temporary installation path
* DONE (scdhlm)
