* using log directory 'D:/Amanda/Pusto/git/lmeInfo/revdep/checks/merDeriv/new/merDeriv.Rcheck'
* using R version 4.2.1 (2022-06-23 ucrt)
* using platform: x86_64-w64-mingw32 (64-bit)
* using session charset: UTF-8
* using options '--no-manual --no-build-vignettes'
* checking for file 'merDeriv/DESCRIPTION' ... OK
* this is package 'merDeriv' version '0.2-4'
* checking package namespace information ... OK
* checking package dependencies ... OK
* checking if this is a source package ... OK
* checking if there is a namespace ... OK
* checking for executable files ... OK
* checking for hidden files and directories ... OK
* checking for portable file names ... OK
* checking whether package 'merDeriv' can be installed ... OK
* checking installed package size ... OK
* checking package directory ... OK
* checking DESCRIPTION meta-information ... OK
* checking top-level files ... OK
* checking for left-over files ... OK
* checking index information ... OK
* checking package subdirectories ... OK
* checking R files for non-ASCII characters ... OK
* checking R files for syntax errors ... OK
* checking whether the package can be loaded ... OK
* checking whether the package can be loaded with stated dependencies ... OK
* checking whether the package can be unloaded cleanly ... OK
* checking whether the namespace can be loaded with stated dependencies ... OK
* checking whether the namespace can be unloaded cleanly ... OK
* checking loading without being on the library search path ... OK
* checking dependencies in R code ... OK
* checking S3 generic/method consistency ... OK
* checking replacement functions ... OK
* checking foreign function calls ... OK
* checking R code for possible problems ... OK
* checking Rd files ... OK
* checking Rd metadata ... OK
* checking Rd cross-references ... OK
* checking for missing documentation entries ... OK
* checking for code/documentation mismatches ... OK
* checking Rd \usage sections ... OK
* checking Rd contents ... OK
* checking for unstated dependencies in examples ... OK
* checking examples ... OK
* checking for unstated dependencies in 'tests' ... OK
* checking tests ... ERROR
  Running 'tinytest.R'
Running the tests in 'tests/tinytest.R' failed.
Last 13 lines of output:
  test_merDeriv.R...............   19 tests [0;32mOK[0m 
  test_merDeriv.R...............   19 tests [0;32mOK[0m 
  test_merDeriv.R...............   19 tests [0;32mOK[0m 
  test_merDeriv.R...............   20 tests [0;31m1 fails[0m 
  test_merDeriv.R...............   20 tests [0;31m1 fails[0m 
  test_merDeriv.R...............   20 tests [0;31m1 fails[0m 
  test_merDeriv.R...............   20 tests [0;31m1 fails[0m 
  test_merDeriv.R...............   21 tests [0;31m1 fails[0m 
  test_merDeriv.R...............   22 tests [0;31m1 fails[0m 
  test_merDeriv.R...............   23 tests [0;31m1 fails[0m [0;34m1.4s[0m
  ----- FAILED[data]: test_merDeriv.R<153--153>
   call| expect_true(all(abs(nlmeres - lme4res) < 1))
   diff| Expected TRUE, got FALSE
  Error: 1 out of 23 tests failed
  Execution halted
* DONE
Status: 1 ERROR
